<?xml version="1.0" encoding="UTF-8"?>
<testsuite name="com.kodilla.stream.array.ArrayOperationsTestSuite" tests="1" skipped="0" failures="0" errors="0" timestamp="2019-10-02T16:21:44" hostname="DESKTOP-EI9IUBH" time="0.648">
  <properties/>
  <testcase name="testGetAverage" classname="com.kodilla.stream.array.ArrayOperationsTestSuite" time="0.648"/>
  <system-out><![CDATA[2
3
4
5
5
]]></system-out>
  <system-err><![CDATA[]]></system-err>
</testsuite>
