<?xml version="1.0" encoding="UTF-8"?>
<testsuite name="com.kodilla.spring.portfolio.BoardTestSuite" tests="1" skipped="0" failures="0" errors="0" timestamp="2019-10-02T16:21:30" hostname="DESKTOP-EI9IUBH" time="0.02">
  <properties/>
  <testcase name="testTaskAdd" classname="com.kodilla.spring.portfolio.BoardTestSuite" time="0.02"/>
  <system-out><![CDATA[2019-10-02 18:21:30.514  INFO 10472 --- [    Test worker] .b.t.c.SpringBootTestContextBootstrapper : Neither @ContextConfiguration nor @ContextHierarchy found for test class [com.kodilla.spring.portfolio.BoardTestSuite], using SpringBootContextLoader
2019-10-02 18:21:30.515  INFO 10472 --- [    Test worker] o.s.t.c.support.AbstractContextLoader    : Could not detect default resource locations for test class [com.kodilla.spring.portfolio.BoardTestSuite]: no resource found for suffixes {-context.xml, Context.groovy}.
2019-10-02 18:21:30.516  INFO 10472 --- [    Test worker] t.c.s.AnnotationConfigContextLoaderUtils : Could not detect default configuration classes for test class [com.kodilla.spring.portfolio.BoardTestSuite]: BoardTestSuite does not declare any static, non-private, non-final, nested classes annotated with @Configuration.
2019-10-02 18:21:30.546  INFO 10472 --- [    Test worker] .b.t.c.SpringBootTestContextBootstrapper : Found @SpringBootConfiguration com.kodilla.spring.SpringRunner for test class com.kodilla.spring.portfolio.BoardTestSuite
2019-10-02 18:21:30.551  INFO 10472 --- [    Test worker] .b.t.c.SpringBootTestContextBootstrapper : Loaded default TestExecutionListener class names from location [META-INF/spring.factories]: [org.springframework.boot.test.autoconfigure.restdocs.RestDocsTestExecutionListener, org.springframework.boot.test.autoconfigure.web.client.MockRestServiceServerResetTestExecutionListener, org.springframework.boot.test.autoconfigure.web.servlet.MockMvcPrintOnlyOnFailureTestExecutionListener, org.springframework.boot.test.autoconfigure.web.servlet.WebDriverTestExecutionListener, org.springframework.boot.test.mock.mockito.MockitoTestExecutionListener, org.springframework.boot.test.mock.mockito.ResetMocksTestExecutionListener, org.springframework.test.context.web.ServletTestExecutionListener, org.springframework.test.context.support.DirtiesContextBeforeModesTestExecutionListener, org.springframework.test.context.support.DependencyInjectionTestExecutionListener, org.springframework.test.context.support.DirtiesContextTestExecutionListener, org.springframework.test.context.transaction.TransactionalTestExecutionListener, org.springframework.test.context.jdbc.SqlScriptsTestExecutionListener]
2019-10-02 18:21:30.553  INFO 10472 --- [    Test worker] .b.t.c.SpringBootTestContextBootstrapper : Using TestExecutionListeners: [org.springframework.test.context.web.ServletTestExecutionListener@605e3af7, org.springframework.test.context.support.DirtiesContextBeforeModesTestExecutionListener@5f91d734, org.springframework.boot.test.mock.mockito.MockitoTestExecutionListener@17e3f012, org.springframework.boot.test.autoconfigure.SpringBootDependencyInjectionTestExecutionListener@79fa65a, org.springframework.test.context.support.DirtiesContextTestExecutionListener@1687addc, org.springframework.boot.test.autoconfigure.restdocs.RestDocsTestExecutionListener@477ee04f, org.springframework.boot.test.autoconfigure.web.client.MockRestServiceServerResetTestExecutionListener@4f95ebd2, org.springframework.boot.test.autoconfigure.web.servlet.MockMvcPrintOnlyOnFailureTestExecutionListener@35c2290c, org.springframework.boot.test.autoconfigure.web.servlet.WebDriverTestExecutionListener@1e808b25, org.springframework.boot.test.mock.mockito.ResetMocksTestExecutionListener@2e4c7c22]
]]></system-out>
  <system-err><![CDATA[]]></system-err>
</testsuite>
