<?xml version="1.0" encoding="UTF-8"?>
<testsuite name="com.kodilla.spring.calculator.CalculatorTestSuite" tests="1" skipped="0" failures="0" errors="0" timestamp="2019-10-02T16:21:25" hostname="DESKTOP-EI9IUBH" time="2.297">
  <properties/>
  <testcase name="testCalculations" classname="com.kodilla.spring.calculator.CalculatorTestSuite" time="2.297"/>
  <system-out><![CDATA[18:21:09.359 [Test worker] DEBUG org.springframework.test.context.junit4.SpringJUnit4ClassRunner - SpringJUnit4ClassRunner constructor called with [class com.kodilla.spring.calculator.CalculatorTestSuite]
18:21:09.395 [Test worker] DEBUG org.springframework.test.context.BootstrapUtils - Instantiating CacheAwareContextLoaderDelegate from class [org.springframework.test.context.cache.DefaultCacheAwareContextLoaderDelegate]
18:21:09.442 [Test worker] DEBUG org.springframework.test.context.BootstrapUtils - Instantiating BootstrapContext using constructor [public org.springframework.test.context.support.DefaultBootstrapContext(java.lang.Class,org.springframework.test.context.CacheAwareContextLoaderDelegate)]
18:21:09.532 [Test worker] DEBUG org.springframework.test.context.BootstrapUtils - Instantiating TestContextBootstrapper for test class [com.kodilla.spring.calculator.CalculatorTestSuite] from class [org.springframework.boot.test.context.SpringBootTestContextBootstrapper]
18:21:09.572 [Test worker] INFO org.springframework.boot.test.context.SpringBootTestContextBootstrapper - Neither @ContextConfiguration nor @ContextHierarchy found for test class [com.kodilla.spring.calculator.CalculatorTestSuite], using SpringBootContextLoader
18:21:09.588 [Test worker] DEBUG org.springframework.test.context.support.AbstractContextLoader - Did not detect default resource location for test class [com.kodilla.spring.calculator.CalculatorTestSuite]: class path resource [com/kodilla/spring/calculator/CalculatorTestSuite-context.xml] does not exist
18:21:09.594 [Test worker] DEBUG org.springframework.test.context.support.AbstractContextLoader - Did not detect default resource location for test class [com.kodilla.spring.calculator.CalculatorTestSuite]: class path resource [com/kodilla/spring/calculator/CalculatorTestSuiteContext.groovy] does not exist
18:21:09.596 [Test worker] INFO org.springframework.test.context.support.AbstractContextLoader - Could not detect default resource locations for test class [com.kodilla.spring.calculator.CalculatorTestSuite]: no resource found for suffixes {-context.xml, Context.groovy}.
18:21:09.599 [Test worker] INFO org.springframework.test.context.support.AnnotationConfigContextLoaderUtils - Could not detect default configuration classes for test class [com.kodilla.spring.calculator.CalculatorTestSuite]: CalculatorTestSuite does not declare any static, non-private, non-final, nested classes annotated with @Configuration.
18:21:09.796 [Test worker] DEBUG org.springframework.test.context.support.ActiveProfilesUtils - Could not find an 'annotation declaring class' for annotation type [org.springframework.test.context.ActiveProfiles] and class [com.kodilla.spring.calculator.CalculatorTestSuite]
18:21:09.982 [Test worker] DEBUG org.springframework.context.annotation.ClassPathScanningCandidateComponentProvider - Identified candidate component class: file [C:\DevJava\kodilla-spring\build\classes\java\main\com\kodilla\spring\SpringRunner.class]
18:21:09.986 [Test worker] INFO org.springframework.boot.test.context.SpringBootTestContextBootstrapper - Found @SpringBootConfiguration com.kodilla.spring.SpringRunner for test class com.kodilla.spring.calculator.CalculatorTestSuite
18:21:10.219 [Test worker] DEBUG org.springframework.boot.test.context.SpringBootTestContextBootstrapper - @TestExecutionListeners is not present for class [com.kodilla.spring.calculator.CalculatorTestSuite]: using defaults.
18:21:10.221 [Test worker] INFO org.springframework.boot.test.context.SpringBootTestContextBootstrapper - Loaded default TestExecutionListener class names from location [META-INF/spring.factories]: [org.springframework.boot.test.autoconfigure.restdocs.RestDocsTestExecutionListener, org.springframework.boot.test.autoconfigure.web.client.MockRestServiceServerResetTestExecutionListener, org.springframework.boot.test.autoconfigure.web.servlet.MockMvcPrintOnlyOnFailureTestExecutionListener, org.springframework.boot.test.autoconfigure.web.servlet.WebDriverTestExecutionListener, org.springframework.boot.test.mock.mockito.MockitoTestExecutionListener, org.springframework.boot.test.mock.mockito.ResetMocksTestExecutionListener, org.springframework.test.context.web.ServletTestExecutionListener, org.springframework.test.context.support.DirtiesContextBeforeModesTestExecutionListener, org.springframework.test.context.support.DependencyInjectionTestExecutionListener, org.springframework.test.context.support.DirtiesContextTestExecutionListener, org.springframework.test.context.transaction.TransactionalTestExecutionListener, org.springframework.test.context.jdbc.SqlScriptsTestExecutionListener]
18:21:10.254 [Test worker] DEBUG org.springframework.boot.test.context.SpringBootTestContextBootstrapper - Skipping candidate TestExecutionListener [org.springframework.test.context.transaction.TransactionalTestExecutionListener] due to a missing dependency. Specify custom listener classes or make the default listener classes and their required dependencies available. Offending class: [org/springframework/transaction/interceptor/TransactionAttributeSource]
18:21:10.257 [Test worker] DEBUG org.springframework.boot.test.context.SpringBootTestContextBootstrapper - Skipping candidate TestExecutionListener [org.springframework.test.context.jdbc.SqlScriptsTestExecutionListener] due to a missing dependency. Specify custom listener classes or make the default listener classes and their required dependencies available. Offending class: [org/springframework/transaction/interceptor/TransactionAttribute]
18:21:10.258 [Test worker] INFO org.springframework.boot.test.context.SpringBootTestContextBootstrapper - Using TestExecutionListeners: [org.springframework.test.context.web.ServletTestExecutionListener@7fb7222, org.springframework.test.context.support.DirtiesContextBeforeModesTestExecutionListener@f40432a, org.springframework.boot.test.mock.mockito.MockitoTestExecutionListener@5644cfae, org.springframework.boot.test.autoconfigure.SpringBootDependencyInjectionTestExecutionListener@57970d38, org.springframework.test.context.support.DirtiesContextTestExecutionListener@ba11f8a, org.springframework.boot.test.autoconfigure.restdocs.RestDocsTestExecutionListener@67544c7, org.springframework.boot.test.autoconfigure.web.client.MockRestServiceServerResetTestExecutionListener@763cc218, org.springframework.boot.test.autoconfigure.web.servlet.MockMvcPrintOnlyOnFailureTestExecutionListener@19adff2a, org.springframework.boot.test.autoconfigure.web.servlet.WebDriverTestExecutionListener@1a73eeda, org.springframework.boot.test.mock.mockito.ResetMocksTestExecutionListener@368cd22f]
18:21:10.267 [Test worker] DEBUG org.springframework.test.annotation.ProfileValueUtils - Retrieved @ProfileValueSourceConfiguration [null] for test class [com.kodilla.spring.calculator.CalculatorTestSuite]
18:21:10.269 [Test worker] DEBUG org.springframework.test.annotation.ProfileValueUtils - Retrieved ProfileValueSource type [class org.springframework.test.annotation.SystemProfileValueSource] for class [com.kodilla.spring.calculator.CalculatorTestSuite]
18:21:10.273 [Test worker] DEBUG org.springframework.test.annotation.ProfileValueUtils - Retrieved @ProfileValueSourceConfiguration [null] for test class [com.kodilla.spring.calculator.CalculatorTestSuite]
18:21:10.274 [Test worker] DEBUG org.springframework.test.annotation.ProfileValueUtils - Retrieved ProfileValueSource type [class org.springframework.test.annotation.SystemProfileValueSource] for class [com.kodilla.spring.calculator.CalculatorTestSuite]
18:21:10.286 [Test worker] DEBUG org.springframework.test.context.support.AbstractDirtiesContextTestExecutionListener - Before test class: context [DefaultTestContext@bccae72 testClass = CalculatorTestSuite, testInstance = [null], testMethod = [null], testException = [null], mergedContextConfiguration = [WebMergedContextConfiguration@768ab1e7 testClass = CalculatorTestSuite, locations = '{}', classes = '{class com.kodilla.spring.SpringRunner}', contextInitializerClasses = '[]', activeProfiles = '{}', propertySourceLocations = '{}', propertySourceProperties = '{org.springframework.boot.test.context.SpringBootTestContextBootstrapper=true}', contextCustomizers = set[org.springframework.boot.test.autoconfigure.properties.PropertyMappingContextCustomizer@0, org.springframework.boot.test.autoconfigure.web.servlet.WebDriverContextCustomizerFactory$Customizer@2c4d54fd, org.springframework.boot.test.context.filter.ExcludeFilterContextCustomizer@1480f506, org.springframework.boot.test.json.DuplicateJsonObjectContextCustomizerFactory$DuplicateJsonObjectContextCustomizer@3e20bb9d, org.springframework.boot.test.mock.mockito.MockitoContextCustomizer@0, org.springframework.boot.test.web.client.TestRestTemplateContextCustomizer@5149ba79], resourceBasePath = 'src/main/webapp', contextLoader = 'org.springframework.boot.test.context.SpringBootContextLoader', parent = [null]], attributes = map['org.springframework.test.context.web.ServletTestExecutionListener.activateListener' -> true]], class annotated with @DirtiesContext [false] with mode [null].
18:21:10.288 [Test worker] DEBUG org.springframework.test.annotation.ProfileValueUtils - Retrieved @ProfileValueSourceConfiguration [null] for test class [com.kodilla.spring.calculator.CalculatorTestSuite]
18:21:10.288 [Test worker] DEBUG org.springframework.test.annotation.ProfileValueUtils - Retrieved ProfileValueSource type [class org.springframework.test.annotation.SystemProfileValueSource] for class [com.kodilla.spring.calculator.CalculatorTestSuite]
18:21:10.329 [Test worker] DEBUG org.springframework.test.context.support.TestPropertySourceUtils - Adding inlined properties to environment: {spring.jmx.enabled=false, org.springframework.boot.test.context.SpringBootTestContextBootstrapper=true, server.port=-1}

  .   ____          _            __ _ _
 /\\ / ___'_ __ _ _(_)_ __  __ _ \ \ \ \
( ( )\___ | '_ | '_| | '_ \/ _` | \ \ \ \
 \\/  ___)| |_)| | | | | || (_| |  ) ) ) )
  '  |____| .__|_| |_|_| |_\__, | / / / /
 =========|_|==============|___/=/_/_/_/
 :: Spring Boot ::        (v2.1.6.RELEASE)

2019-10-02 18:21:12.133  INFO 10472 --- [    Test worker] c.k.s.calculator.CalculatorTestSuite     : Starting CalculatorTestSuite on DESKTOP-EI9IUBH with PID 10472 (started by Admin in C:\DevJava\kodilla-spring)
2019-10-02 18:21:12.137  INFO 10472 --- [    Test worker] c.k.s.calculator.CalculatorTestSuite     : No active profile set, falling back to default profiles: default
2019-10-02 18:21:21.770  INFO 10472 --- [    Test worker] o.s.s.concurrent.ThreadPoolTaskExecutor  : Initializing ExecutorService 'applicationTaskExecutor'
2019-10-02 18:21:24.975  INFO 10472 --- [    Test worker] c.k.s.calculator.CalculatorTestSuite     : Started CalculatorTestSuite in 14.624 seconds (JVM running for 17.778)
Value: 3.0
Value: 1.0
Value: 4.0
Value: 2.0
]]></system-out>
  <system-err><![CDATA[]]></system-err>
</testsuite>
