<?xml version="1.0" encoding="UTF-8"?>
<testsuite name="com.kodilla.testing.forum.ForumTestSuite" tests="2" skipped="0" failures="0" errors="0" timestamp="2019-10-02T16:21:55" hostname="DESKTOP-EI9IUBH" time="0.014">
  <properties/>
  <testcase name="testCaseRealName" classname="com.kodilla.testing.forum.ForumTestSuite" time="0.011"/>
  <testcase name="testCaseUsername" classname="com.kodilla.testing.forum.ForumTestSuite" time="0.002"/>
  <system-out><![CDATA[Test Suite: begin
Test Case: begin
Testing John Smith
Test Case: end
Test Case: begin
Testing theForumUser
Test Case: end
Test Suite: end
]]></system-out>
  <system-err><![CDATA[]]></system-err>
</testsuite>
