<?xml version="1.0" encoding="UTF-8"?>
<testsuite name="com.kodilla.hibernate.KodillaHibernateApplicationTests" tests="1" skipped="0" failures="0" errors="0" timestamp="2019-11-27T16:30:20" hostname="DESKTOP-EI9IUBH" time="1.229">
  <properties/>
  <testcase name="contextLoads" classname="com.kodilla.hibernate.KodillaHibernateApplicationTests" time="1.229"/>
  <system-out><![CDATA[17:30:17.988 [Test worker] DEBUG org.springframework.test.context.junit4.SpringJUnit4ClassRunner - SpringJUnit4ClassRunner constructor called with [class com.kodilla.hibernate.KodillaHibernateApplicationTests]
17:30:18.002 [Test worker] DEBUG org.springframework.test.context.BootstrapUtils - Instantiating CacheAwareContextLoaderDelegate from class [org.springframework.test.context.cache.DefaultCacheAwareContextLoaderDelegate]
17:30:18.026 [Test worker] INFO org.springframework.core.KotlinDetector - Kotlin reflection implementation not found at runtime, related features won't be available.
17:30:18.034 [Test worker] DEBUG org.springframework.test.context.BootstrapUtils - Instantiating BootstrapContext using constructor [public org.springframework.test.context.support.DefaultBootstrapContext(java.lang.Class,org.springframework.test.context.CacheAwareContextLoaderDelegate)]
17:30:18.064 [Test worker] DEBUG org.springframework.test.context.BootstrapUtils - Instantiating TestContextBootstrapper for test class [com.kodilla.hibernate.KodillaHibernateApplicationTests] from class [org.springframework.boot.test.context.SpringBootTestContextBootstrapper]
17:30:18.138 [Test worker] INFO org.springframework.boot.test.context.SpringBootTestContextBootstrapper - Neither @ContextConfiguration nor @ContextHierarchy found for test class [com.kodilla.hibernate.KodillaHibernateApplicationTests], using SpringBootContextLoader
17:30:18.144 [Test worker] DEBUG org.springframework.test.context.support.AbstractContextLoader - Did not detect default resource location for test class [com.kodilla.hibernate.KodillaHibernateApplicationTests]: class path resource [com/kodilla/hibernate/KodillaHibernateApplicationTests-context.xml] does not exist
17:30:18.146 [Test worker] DEBUG org.springframework.test.context.support.AbstractContextLoader - Did not detect default resource location for test class [com.kodilla.hibernate.KodillaHibernateApplicationTests]: class path resource [com/kodilla/hibernate/KodillaHibernateApplicationTestsContext.groovy] does not exist
17:30:18.147 [Test worker] INFO org.springframework.test.context.support.AbstractContextLoader - Could not detect default resource locations for test class [com.kodilla.hibernate.KodillaHibernateApplicationTests]: no resource found for suffixes {-context.xml, Context.groovy}.
17:30:18.297 [Test worker] DEBUG org.springframework.test.context.support.ActiveProfilesUtils - Could not find an 'annotation declaring class' for annotation type [org.springframework.test.context.ActiveProfiles] and class [com.kodilla.hibernate.KodillaHibernateApplicationTests]
17:30:18.691 [Test worker] DEBUG org.springframework.boot.test.context.SpringBootTestContextBootstrapper - @TestExecutionListeners is not present for class [com.kodilla.hibernate.KodillaHibernateApplicationTests]: using defaults.
17:30:18.692 [Test worker] INFO org.springframework.boot.test.context.SpringBootTestContextBootstrapper - Loaded default TestExecutionListener class names from location [META-INF/spring.factories]: [org.springframework.boot.test.autoconfigure.restdocs.RestDocsTestExecutionListener, org.springframework.boot.test.autoconfigure.web.client.MockRestServiceServerResetTestExecutionListener, org.springframework.boot.test.autoconfigure.web.servlet.MockMvcPrintOnlyOnFailureTestExecutionListener, org.springframework.boot.test.autoconfigure.web.servlet.WebDriverTestExecutionListener, org.springframework.boot.test.mock.mockito.MockitoTestExecutionListener, org.springframework.boot.test.mock.mockito.ResetMocksTestExecutionListener, org.springframework.test.context.web.ServletTestExecutionListener, org.springframework.test.context.support.DirtiesContextBeforeModesTestExecutionListener, org.springframework.test.context.support.DependencyInjectionTestExecutionListener, org.springframework.test.context.support.DirtiesContextTestExecutionListener, org.springframework.test.context.transaction.TransactionalTestExecutionListener, org.springframework.test.context.jdbc.SqlScriptsTestExecutionListener]
17:30:18.715 [Test worker] DEBUG org.springframework.boot.test.context.SpringBootTestContextBootstrapper - Skipping candidate TestExecutionListener [org.springframework.test.context.web.ServletTestExecutionListener] due to a missing dependency. Specify custom listener classes or make the default listener classes and their required dependencies available. Offending class: [javax/servlet/ServletContext]
17:30:18.772 [Test worker] INFO org.springframework.boot.test.context.SpringBootTestContextBootstrapper - Using TestExecutionListeners: [org.springframework.test.context.support.DirtiesContextBeforeModesTestExecutionListener@77b519ad, org.springframework.boot.test.mock.mockito.MockitoTestExecutionListener@d74e319, org.springframework.boot.test.autoconfigure.SpringBootDependencyInjectionTestExecutionListener@722980c3, org.springframework.test.context.support.DirtiesContextTestExecutionListener@6118474a, org.springframework.test.context.transaction.TransactionalTestExecutionListener@3ebf42b5, org.springframework.test.context.jdbc.SqlScriptsTestExecutionListener@14791250, org.springframework.boot.test.autoconfigure.restdocs.RestDocsTestExecutionListener@2ae8a784, org.springframework.boot.test.autoconfigure.web.client.MockRestServiceServerResetTestExecutionListener@9698784, org.springframework.boot.test.autoconfigure.web.servlet.MockMvcPrintOnlyOnFailureTestExecutionListener@4d87c6f6, org.springframework.boot.test.autoconfigure.web.servlet.WebDriverTestExecutionListener@11b0b684, org.springframework.boot.test.mock.mockito.ResetMocksTestExecutionListener@7e8bf7b1]
17:30:18.779 [Test worker] DEBUG org.springframework.test.annotation.ProfileValueUtils - Retrieved @ProfileValueSourceConfiguration [null] for test class [com.kodilla.hibernate.KodillaHibernateApplicationTests]
17:30:18.780 [Test worker] DEBUG org.springframework.test.annotation.ProfileValueUtils - Retrieved ProfileValueSource type [class org.springframework.test.annotation.SystemProfileValueSource] for class [com.kodilla.hibernate.KodillaHibernateApplicationTests]
17:30:18.782 [Test worker] DEBUG org.springframework.test.annotation.ProfileValueUtils - Retrieved @ProfileValueSourceConfiguration [null] for test class [com.kodilla.hibernate.KodillaHibernateApplicationTests]
17:30:18.783 [Test worker] DEBUG org.springframework.test.annotation.ProfileValueUtils - Retrieved ProfileValueSource type [class org.springframework.test.annotation.SystemProfileValueSource] for class [com.kodilla.hibernate.KodillaHibernateApplicationTests]
17:30:18.793 [Test worker] DEBUG org.springframework.test.context.support.AbstractDirtiesContextTestExecutionListener - Before test class: context [DefaultTestContext@7f3753dd testClass = KodillaHibernateApplicationTests, testInstance = [null], testMethod = [null], testException = [null], mergedContextConfiguration = [MergedContextConfiguration@56a886b3 testClass = KodillaHibernateApplicationTests, locations = '{}', classes = '{class com.kodilla.hibernate.KodillaHibernateApplication, class com.kodilla.hibernate.KodillaHibernateApplication}', contextInitializerClasses = '[]', activeProfiles = '{}', propertySourceLocations = '{}', propertySourceProperties = '{org.springframework.boot.test.context.SpringBootTestContextBootstrapper=true}', contextCustomizers = set[org.springframework.boot.test.autoconfigure.properties.PropertyMappingContextCustomizer@0, org.springframework.boot.test.autoconfigure.web.servlet.WebDriverContextCustomizerFactory$Customizer@2ed25934, org.springframework.boot.test.context.filter.ExcludeFilterContextCustomizer@43f49140, org.springframework.boot.test.json.DuplicateJsonObjectContextCustomizerFactory$DuplicateJsonObjectContextCustomizer@21b55221, org.springframework.boot.test.mock.mockito.MockitoContextCustomizer@0, org.springframework.boot.test.web.client.TestRestTemplateContextCustomizer@52b22151], contextLoader = 'org.springframework.boot.test.context.SpringBootContextLoader', parent = [null]], attributes = map[[empty]]], class annotated with @DirtiesContext [false] with mode [null].
17:30:18.795 [Test worker] DEBUG org.springframework.test.annotation.ProfileValueUtils - Retrieved @ProfileValueSourceConfiguration [null] for test class [com.kodilla.hibernate.KodillaHibernateApplicationTests]
17:30:18.796 [Test worker] DEBUG org.springframework.test.annotation.ProfileValueUtils - Retrieved ProfileValueSource type [class org.springframework.test.annotation.SystemProfileValueSource] for class [com.kodilla.hibernate.KodillaHibernateApplicationTests]
17:30:18.807 [Test worker] DEBUG org.springframework.test.context.support.DependencyInjectionTestExecutionListener - Performing dependency injection for test context [[DefaultTestContext@7f3753dd testClass = KodillaHibernateApplicationTests, testInstance = com.kodilla.hibernate.KodillaHibernateApplicationTests@7804f31e, testMethod = [null], testException = [null], mergedContextConfiguration = [MergedContextConfiguration@56a886b3 testClass = KodillaHibernateApplicationTests, locations = '{}', classes = '{class com.kodilla.hibernate.KodillaHibernateApplication, class com.kodilla.hibernate.KodillaHibernateApplication}', contextInitializerClasses = '[]', activeProfiles = '{}', propertySourceLocations = '{}', propertySourceProperties = '{org.springframework.boot.test.context.SpringBootTestContextBootstrapper=true}', contextCustomizers = set[org.springframework.boot.test.autoconfigure.properties.PropertyMappingContextCustomizer@0, org.springframework.boot.test.autoconfigure.web.servlet.WebDriverContextCustomizerFactory$Customizer@2ed25934, org.springframework.boot.test.context.filter.ExcludeFilterContextCustomizer@43f49140, org.springframework.boot.test.json.DuplicateJsonObjectContextCustomizerFactory$DuplicateJsonObjectContextCustomizer@21b55221, org.springframework.boot.test.mock.mockito.MockitoContextCustomizer@0, org.springframework.boot.test.web.client.TestRestTemplateContextCustomizer@52b22151], contextLoader = 'org.springframework.boot.test.context.SpringBootContextLoader', parent = [null]], attributes = map[[empty]]]].
17:30:18.900 [Test worker] DEBUG org.springframework.test.context.support.TestPropertySourceUtils - Adding inlined properties to environment: {spring.jmx.enabled=false, org.springframework.boot.test.context.SpringBootTestContextBootstrapper=true, server.port=-1}

  .   ____          _            __ _ _
 /\\ / ___'_ __ _ _(_)_ __  __ _ \ \ \ \
( ( )\___ | '_ | '_| | '_ \/ _` | \ \ \ \
 \\/  ___)| |_)| | | | | || (_| |  ) ) ) )
  '  |____| .__|_| |_|_| |_\__, | / / / /
 =========|_|==============|___/=/_/_/_/
 :: Spring Boot ::        (v2.1.8.RELEASE)

2019-11-27 17:30:19.886  INFO 14208 --- [    Test worker] c.k.h.KodillaHibernateApplicationTests   : Starting KodillaHibernateApplicationTests on DESKTOP-EI9IUBH with PID 14208 (started by Admin in C:\DevJava\kodilla-hibernate)
2019-11-27 17:30:19.889  INFO 14208 --- [    Test worker] c.k.h.KodillaHibernateApplicationTests   : No active profile set, falling back to default profiles: default
2019-11-27 17:30:20.230  INFO 14208 --- [    Test worker] c.k.h.KodillaHibernateApplicationTests   : Started KodillaHibernateApplicationTests in 1.325 seconds (JVM running for 5.076)
]]></system-out>
  <system-err><![CDATA[]]></system-err>
</testsuite>
