<?xml version="1.0" encoding="UTF-8"?>
<testsuite name="com.kodilla.patterns.singleton.LoggerTestSuite" tests="1" skipped="0" failures="0" errors="0" timestamp="2019-09-24T19:46:52" hostname="DESKTOP-EI9IUBH" time="0.001">
  <properties/>
  <testcase name="getLastLogTest" classname="com.kodilla.patterns.singleton.LoggerTestSuite" time="0.001"/>
  <system-out><![CDATA[Log: [ it's first log ] 
Log: [ it's second log ] 
]]></system-out>
  <system-err><![CDATA[]]></system-err>
</testsuite>
