<?xml version="1.0" encoding="UTF-8"?>
<testsuite name="com.kodilla.patterns.builder.bigmac.BigmacTestSuite" tests="1" skipped="0" failures="0" errors="0" timestamp="2019-09-24T19:46:51" hostname="DESKTOP-EI9IUBH" time="0.007">
  <properties/>
  <testcase name="bigmackTest" classname="com.kodilla.patterns.builder.bigmac.BigmacTestSuite" time="0.007"/>
  <system-out><![CDATA[]]></system-out>
  <system-err><![CDATA[]]></system-err>
</testsuite>
