<?xml version="1.0" encoding="UTF-8"?>
<testsuite name="com.kodilla.patterns.factory.tasks.TaskFactoryTestSuite" tests="4" skipped="0" failures="0" errors="0" timestamp="2019-09-24T19:46:51" hostname="DESKTOP-EI9IUBH" time="0.01">
  <properties/>
  <testcase name="testMakePaintingTask" classname="com.kodilla.patterns.factory.tasks.TaskFactoryTestSuite" time="0.003"/>
  <testcase name="testNullTask" classname="com.kodilla.patterns.factory.tasks.TaskFactoryTestSuite" time="0.0"/>
  <testcase name="testMakeDrivingTask" classname="com.kodilla.patterns.factory.tasks.TaskFactoryTestSuite" time="0.002"/>
  <testcase name="testMakeShoppingTask" classname="com.kodilla.patterns.factory.tasks.TaskFactoryTestSuite" time="0.002"/>
  <system-out><![CDATA[]]></system-out>
  <system-err><![CDATA[]]></system-err>
</testsuite>
